{"C:\\projects\\todo-nuxt3\\store\\todo.ts": {"path":"C:\\projects\\todo-nuxt3\\store\\todo.ts","all":false,"statementMap":{"0":{"start":{"line":1,"column":0},"end":{"line":1,"column":36}},"1":{"start":{"line":2,"column":0},"end":{"line":2,"column":34}},"2":{"start":{"line":3,"column":0},"end":{"line":3,"column":0}},"3":{"start":{"line":4,"column":0},"end":{"line":4,"column":23}},"4":{"start":{"line":5,"column":0},"end":{"line":5,"column":13}},"5":{"start":{"line":6,"column":0},"end":{"line":6,"column":16}},"6":{"start":{"line":7,"column":0},"end":{"line":7,"column":16}},"7":{"start":{"line":8,"column":0},"end":{"line":8,"column":18}},"8":{"start":{"line":9,"column":0},"end":{"line":9,"column":18}},"9":{"start":{"line":10,"column":0},"end":{"line":10,"column":1}},"10":{"start":{"line":11,"column":0},"end":{"line":11,"column":0}},"11":{"start":{"line":12,"column":0},"end":{"line":12,"column":26}},"12":{"start":{"line":13,"column":0},"end":{"line":13,"column":16}},"13":{"start":{"line":14,"column":0},"end":{"line":14,"column":1}},"14":{"start":{"line":15,"column":0},"end":{"line":15,"column":0}},"15":{"start":{"line":16,"column":0},"end":{"line":16,"column":29}},"16":{"start":{"line":17,"column":0},"end":{"line":17,"column":17}},"17":{"start":{"line":18,"column":0},"end":{"line":18,"column":17}},"18":{"start":{"line":19,"column":0},"end":{"line":19,"column":1}},"19":{"start":{"line":20,"column":0},"end":{"line":20,"column":0}},"20":{"start":{"line":21,"column":0},"end":{"line":21,"column":28}},"21":{"start":{"line":22,"column":0},"end":{"line":22,"column":30}},"22":{"start":{"line":23,"column":0},"end":{"line":23,"column":1}},"23":{"start":{"line":24,"column":0},"end":{"line":24,"column":0}},"24":{"start":{"line":25,"column":0},"end":{"line":25,"column":33}},"25":{"start":{"line":26,"column":0},"end":{"line":26,"column":12}},"26":{"start":{"line":27,"column":0},"end":{"line":27,"column":3}},"27":{"start":{"line":28,"column":0},"end":{"line":28,"column":0}},"28":{"start":{"line":29,"column":0},"end":{"line":29,"column":17}},"29":{"start":{"line":30,"column":0},"end":{"line":30,"column":50}},"30":{"start":{"line":31,"column":0},"end":{"line":31,"column":60}},"31":{"start":{"line":32,"column":0},"end":{"line":32,"column":4}},"32":{"start":{"line":33,"column":0},"end":{"line":33,"column":39}},"33":{"start":{"line":34,"column":0},"end":{"line":34,"column":21}},"34":{"start":{"line":35,"column":0},"end":{"line":35,"column":27}},"35":{"start":{"line":36,"column":0},"end":{"line":36,"column":69}},"36":{"start":{"line":37,"column":0},"end":{"line":37,"column":6}},"37":{"start":{"line":38,"column":0},"end":{"line":38,"column":2}},"38":{"start":{"line":39,"column":0},"end":{"line":39,"column":17}},"39":{"start":{"line":40,"column":0},"end":{"line":40,"column":29}},"40":{"start":{"line":41,"column":0},"end":{"line":41,"column":24}},"41":{"start":{"line":42,"column":0},"end":{"line":42,"column":26}},"42":{"start":{"line":43,"column":0},"end":{"line":43,"column":17}},"43":{"start":{"line":44,"column":0},"end":{"line":44,"column":21}},"44":{"start":{"line":45,"column":0},"end":{"line":45,"column":18}},"45":{"start":{"line":46,"column":0},"end":{"line":46,"column":28}},"46":{"start":{"line":47,"column":0},"end":{"line":47,"column":28}},"47":{"start":{"line":48,"column":0},"end":{"line":48,"column":6}},"48":{"start":{"line":49,"column":0},"end":{"line":49,"column":26}},"49":{"start":{"line":50,"column":0},"end":{"line":50,"column":4}},"50":{"start":{"line":51,"column":0},"end":{"line":51,"column":22}},"51":{"start":{"line":52,"column":0},"end":{"line":52,"column":60}},"52":{"start":{"line":53,"column":0},"end":{"line":53,"column":4}},"53":{"start":{"line":54,"column":0},"end":{"line":54,"column":42}},"54":{"start":{"line":55,"column":0},"end":{"line":55,"column":41}},"55":{"start":{"line":56,"column":0},"end":{"line":56,"column":74}},"56":{"start":{"line":57,"column":0},"end":{"line":57,"column":6}},"57":{"start":{"line":58,"column":0},"end":{"line":58,"column":4}},"58":{"start":{"line":59,"column":0},"end":{"line":59,"column":2}},"59":{"start":{"line":60,"column":0},"end":{"line":60,"column":0}},"60":{"start":{"line":61,"column":0},"end":{"line":61,"column":54}},"61":{"start":{"line":62,"column":0},"end":{"line":62,"column":8}},"62":{"start":{"line":63,"column":0},"end":{"line":63,"column":10}},"63":{"start":{"line":64,"column":0},"end":{"line":64,"column":10}},"64":{"start":{"line":65,"column":0},"end":{"line":65,"column":3}}},"s":{"0":1,"1":1,"2":1,"3":1,"4":1,"5":1,"6":1,"7":1,"8":1,"9":1,"10":1,"11":1,"12":1,"13":1,"14":1,"15":1,"16":1,"17":1,"18":1,"19":1,"20":1,"21":1,"22":1,"23":1,"24":1,"25":5,"26":5,"27":1,"28":1,"29":1,"30":1,"31":1,"32":1,"33":0,"34":0,"35":0,"36":0,"37":0,"38":1,"39":1,"40":2,"41":2,"42":2,"43":2,"44":2,"45":2,"46":2,"47":2,"48":2,"49":2,"50":1,"51":0,"52":0,"53":1,"54":0,"55":0,"56":0,"57":0,"58":0,"59":1,"60":1,"61":1,"62":1,"63":1,"64":1},"branchMap":{"0":{"type":"branch","line":25,"loc":{"start":{"line":25,"column":14},"end":{"line":27,"column":3}},"locations":[{"start":{"line":25,"column":14},"end":{"line":27,"column":3}}]},"1":{"type":"branch","line":30,"loc":{"start":{"line":30,"column":12},"end":{"line":32,"column":4}},"locations":[{"start":{"line":30,"column":12},"end":{"line":32,"column":4}}]},"2":{"type":"branch","line":30,"loc":{"start":{"line":30,"column":34},"end":{"line":32,"column":4}},"locations":[{"start":{"line":30,"column":34},"end":{"line":32,"column":4}}]},"3":{"type":"branch","line":31,"loc":{"start":{"line":31,"column":29},"end":{"line":31,"column":60}},"locations":[{"start":{"line":31,"column":29},"end":{"line":31,"column":60}}]},"4":{"type":"branch","line":40,"loc":{"start":{"line":40,"column":2},"end":{"line":50,"column":4}},"locations":[{"start":{"line":40,"column":2},"end":{"line":50,"column":4}}]},"5":{"type":"branch","line":65,"loc":{"start":{"line":65,"column":1},"end":{"line":65,"column":3}},"locations":[{"start":{"line":65,"column":1},"end":{"line":65,"column":3}}]}},"b":{"0":[5],"1":[1],"2":[1],"3":[1],"4":[2],"5":[4]},"fnMap":{"0":{"name":"state","decl":{"start":{"line":25,"column":14},"end":{"line":27,"column":3}},"loc":{"start":{"line":25,"column":14},"end":{"line":27,"column":3}},"line":25},"1":{"name":"getById","decl":{"start":{"line":30,"column":12},"end":{"line":32,"column":4}},"loc":{"start":{"line":30,"column":12},"end":{"line":32,"column":4}},"line":30},"2":{"name":"getOrderedTodo","decl":{"start":{"line":33,"column":19},"end":{"line":38,"column":2}},"loc":{"start":{"line":33,"column":19},"end":{"line":38,"column":2}},"line":33},"3":{"name":"add","decl":{"start":{"line":40,"column":2},"end":{"line":50,"column":4}},"loc":{"start":{"line":40,"column":2},"end":{"line":50,"column":4}},"line":40},"4":{"name":"remove","decl":{"start":{"line":51,"column":2},"end":{"line":53,"column":4}},"loc":{"start":{"line":51,"column":2},"end":{"line":53,"column":4}},"line":51},"5":{"name":"update","decl":{"start":{"line":54,"column":2},"end":{"line":59,"column":2}},"loc":{"start":{"line":54,"column":2},"end":{"line":59,"column":2}},"line":54},"6":{"name":"get","decl":{"start":{"line":65,"column":1},"end":{"line":65,"column":3}},"loc":{"start":{"line":65,"column":1},"end":{"line":65,"column":3}},"line":65}},"f":{"0":5,"1":1,"2":0,"3":2,"4":0,"5":0,"6":4}}
}
